d:\task\task_list_complete\debug\vc120.pdb
d:\task\task_list_complete\debug\vc120.idb
d:\task\task_list_complete\debug\base_type.obj
d:\task\task_list_complete\debug\frame.obj
d:\task\task_list_complete\debug\frame_manager.obj
d:\task\task_list_complete\debug\game.obj
d:\task\task_list_complete\debug\gameclear_screen.obj
d:\task\task_list_complete\debug\gamescore_screen.obj
d:\task\task_list_complete\debug\game_screen.obj
d:\task\task_list_complete\debug\gameover_screen.obj
d:\task\task_list_complete\debug\gametitle_screen.obj
d:\task\task_list_complete\debug\mylib.obj
d:\task\task_list_complete\debug\player.obj
d:\task\task_list_complete\debug\task.obj
d:\task\task_list_complete\debug\task_manager.obj
d:\task\task_list_complete\debug\win_main.obj
d:\task\task_list_complete\debug\win32projectq.ilk
d:\task\task_list_complete\debug\win32projectq.exe
d:\task\task_list_complete\debug\win32projectq.pdb
d:\task\task_list_complete\debug\win32projectq.tlog\cl.command.1.tlog
d:\task\task_list_complete\debug\win32projectq.tlog\cl.read.1.tlog
d:\task\task_list_complete\debug\win32projectq.tlog\cl.write.1.tlog
d:\task\task_list_complete\debug\win32projectq.tlog\link.command.1.tlog
d:\task\task_list_complete\debug\win32projectq.tlog\link.read.1.tlog
d:\task\task_list_complete\debug\win32projectq.tlog\link.write.1.tlog
